\BOOKMARK [1][-]{section.1}{\376\377\000B\000e\000f\000o\000r\000e\000\040\000R\000e\000a\000d\000i\000n\000g}{}% 1
\BOOKMARK [1][-]{section.2}{\376\377\000H\000i\000g\000h\000\040\000L\000e\000v\000e\000l\000\040\000O\000v\000e\000r\000v\000i\000e\000w}{}% 2
\BOOKMARK [1][-]{section.3}{\376\377\000T\000h\000r\000e\000a\000d\000\040\000C\000o\000n\000c\000e\000p\000t\000s}{}% 3
\BOOKMARK [1][-]{section.4}{\376\377\000B\000a\000s\000i\000c\000\040\000F\000u\000n\000c\000t\000i\000o\000n\000\040\000P\000r\000o\000t\000o\000t\000y\000p\000e\000s}{}% 4
\BOOKMARK [2][-]{subsection.4.1}{\376\377\000C\000o\000m\000p\000a\000r\000i\000n\000g\000\040\000P\000r\000o\000c\000e\000s\000s\000\040\000F\000u\000n\000c\000t\000i\000o\000n\000s\000\040\000a\000n\000d\000\040\000T\000h\000r\000e\000a\000d\000\040\000F\000u\000n\000c\000t\000i\000o\000n\000s}{section.4}% 5
\BOOKMARK [1][-]{section.5}{\376\377\000T\000h\000r\000e\000a\000d\000\040\000I\000d\000e\000n\000t\000i\000f\000i\000c\000a\000t\000i\000o\000n}{}% 6
\BOOKMARK [1][-]{section.6}{\376\377\000T\000h\000r\000e\000a\000d\000\040\000C\000r\000e\000a\000t\000i\000o\000n}{}% 7
\BOOKMARK [2][-]{subsection.6.1}{\376\377\000C\000o\000d\000e\000:\000\040\000P\000r\000i\000n\000t\000i\000n\000g\000\040\000T\000h\000r\000e\000a\000d\000\040\000I\000D\000s}{section.6}% 8
\BOOKMARK [1][-]{section.7}{\376\377\000T\000h\000r\000e\000a\000d\000\040\000T\000e\000r\000m\000i\000n\000a\000t\000i\000o\000n}{}% 9
\BOOKMARK [2][-]{subsection.7.1}{\376\377\000C\000o\000d\000e\000:\000\040\000G\000e\000t\000t\000i\000n\000g\000\040\000E\000x\000i\000t\000\040\000C\000o\000d\000e\000s\000\040\000F\000r\000o\000m\000\040\000T\000h\000r\000e\000a\000d\000s}{section.7}% 10
\BOOKMARK [2][-]{subsection.7.2}{\376\377\000C\000o\000d\000e\000:\000\040\000I\000n\000c\000o\000r\000r\000e\000c\000t\000l\000y\000\040\000P\000a\000s\000s\000i\000n\000g\000\040\000V\000a\000l\000u\000e\000s\000\040\000B\000e\000t\000w\000e\000e\000n\000\040\000T\000h\000r\000e\000a\000d\000s}{section.7}% 11
\BOOKMARK [3][-]{subsubsection.7.2.1}{\376\377\000C\000o\000d\000e\000\040\000C\000h\000a\000l\000l\000e\000n\000g\000e\000\040\0001\000:\000\040\000R\000e\000t\000u\000r\000n\000i\000n\000g\000\040\000M\000u\000l\000t\000i\000p\000l\000e\000\040\000V\000a\000l\000u\000e\000s\000\040\000F\000r\000o\000m\000\040\000T\000h\000r\000e\000a\000d}{subsection.7.2}% 12
\BOOKMARK [1][-]{section.8}{\376\377\000T\000h\000r\000e\000a\000d\000\040\000S\000y\000n\000c\000h\000r\000o\000n\000i\000z\000a\000t\000i\000o\000n}{}% 13
\BOOKMARK [2][-]{subsection.8.1}{\376\377\000F\000u\000n\000c\000t\000i\000o\000n\000\040\000P\000r\000o\000t\000o\000t\000y\000p\000e\000s}{section.8}% 14
\BOOKMARK [2][-]{subsection.8.2}{\376\377\000M\000u\000t\000e\000x\000e\000s}{section.8}% 15
\BOOKMARK [3][-]{subsubsection.8.2.1}{\376\377\000C\000o\000d\000e\000:\000\040\000B\000a\000s\000i\000c\000\040\000M\000u\000t\000e\000x\000\040\000I\000m\000p\000l\000e\000m\000e\000n\000t\000a\000t\000i\000o\000n}{subsection.8.2}% 16
\BOOKMARK [3][-]{subsubsection.8.2.2}{\376\377\000C\000o\000d\000e\000\040\000C\000h\000a\000l\000l\000e\000n\000g\000e\000\040\0002\000:\000\040\000D\000u\000a\000l\000\040\000T\000h\000r\000e\000a\000d\000e\000d\000\040\000M\000u\000t\000e\000x}{subsection.8.2}% 17
\BOOKMARK [2][-]{subsection.8.3}{\376\377\000T\000h\000r\000e\000a\000d\000\040\000D\000e\000a\000d\000l\000o\000c\000k\000i\000n\000g}{section.8}% 18
\BOOKMARK [3][-]{subsubsection.8.3.1}{\376\377\000C\000o\000d\000e\000:\000\040\000L\000o\000c\000k\000i\000n\000g\000\040\000M\000u\000l\000t\000i\000p\000l\000e\000\040\000M\000u\000t\000e\000x\000e\000s}{subsection.8.3}% 19
\BOOKMARK [2][-]{subsection.8.4}{\376\377\000R\000e\000a\000d\000e\000r\000-\000W\000r\000i\000t\000e\000r\000\040\000L\000o\000c\000k\000s}{section.8}% 20
\BOOKMARK [3][-]{subsubsection.8.4.1}{\376\377\000F\000u\000n\000c\000t\000i\000o\000n\000\040\000P\000r\000o\000t\000o\000t\000y\000p\000e\000s}{subsection.8.4}% 21
\BOOKMARK [2][-]{subsection.8.5}{\376\377\000C\000o\000n\000d\000i\000t\000i\000o\000n\000\040\000V\000a\000r\000i\000a\000b\000l\000e\000s}{section.8}% 22
\BOOKMARK [3][-]{subsubsection.8.5.1}{\376\377\000F\000u\000n\000c\000t\000i\000o\000n\000\040\000P\000r\000o\000t\000o\000t\000y\000p\000e\000s}{subsection.8.5}% 23
\BOOKMARK [1][-]{section.9}{\376\377\000C\000o\000d\000e\000\040\000C\000h\000a\000l\000l\000e\000n\000g\000e\000\040\000S\000o\000l\000u\000t\000i\000o\000n\000s}{}% 24
\BOOKMARK [2][-]{subsection.9.1}{\376\377\000C\000h\000a\000l\000l\000e\000n\000g\000e\000\040\0001}{section.9}% 25
\BOOKMARK [2][-]{subsection.9.2}{\376\377\000C\000h\000a\000l\000l\000e\000n\000g\000e\000\040\0002}{section.9}% 26
