\BOOKMARK [1][-]{section.1}{\376\377\000C\000h\000a\000p\000t\000e\000r\000\040\000S\000u\000m\000m\000a\000r\000y}{}% 1
\BOOKMARK [1][-]{section.2}{\376\377\000P\000r\000o\000c\000e\000s\000s\000\040\000I\000d\000e\000n\000t\000i\000f\000i\000e\000r\000s}{}% 2
\BOOKMARK [2][-]{subsection.2.1}{\376\377\000T\000h\000e\000\040\000P\000I\000D}{section.2}% 3
\BOOKMARK [2][-]{subsection.2.2}{\376\377\000S\000c\000h\000e\000d\000u\000l\000e\000r\000\040\000a\000n\000d\000\040\000I\000n\000i\000t\000\040\000P\000r\000o\000c\000e\000s\000s\000e\000s}{section.2}% 4
\BOOKMARK [2][-]{subsection.2.3}{\376\377\000A\000d\000d\000i\000t\000i\000o\000n\000a\000l\000\040\000P\000r\000o\000c\000e\000s\000s\000\040\000I\000d\000e\000n\000t\000i\000f\000i\000e\000r\000s}{section.2}% 5
\BOOKMARK [1][-]{section.3}{\376\377\000T\000h\000e\000\040\000f\000o\000r\000k\000\050\000\051\000\040\000F\000u\000n\000c\000t\000i\000o\000n}{}% 6
\BOOKMARK [2][-]{subsection.3.1}{\376\377\000A\000b\000o\000u\000t\000\040\000f\000o\000r\000k\000\050\000\051}{section.3}% 7
\BOOKMARK [2][-]{subsection.3.2}{\376\377\000f\000o\000r\000k\000\050\000\051\000\040\000E\000x\000a\000m\000p\000l\000e\000\040\000C\000o\000d\000e}{section.3}% 8
\BOOKMARK [2][-]{subsection.3.3}{\376\377\000F\000i\000l\000e\000\040\000S\000h\000a\000r\000i\000n\000g}{section.3}% 9
\BOOKMARK [1][-]{section.4}{\376\377\000E\000x\000i\000t\000\040\000F\000u\000n\000c\000t\000i\000o\000n\000s}{}% 10
\BOOKMARK [2][-]{subsection.4.1}{\376\377\000N\000o\000r\000m\000a\000l\000\040\000T\000e\000r\000m\000i\000n\000a\000t\000i\000o\000n\000s}{section.4}% 11
\BOOKMARK [2][-]{subsection.4.2}{\376\377\000A\000b\000n\000o\000r\000m\000a\000l\000\040\000T\000e\000r\000m\000i\000n\000a\000t\000i\000o\000n\000s}{section.4}% 12
\BOOKMARK [1][-]{section.5}{\376\377\000w\000a\000i\000t\000\050\000\051\000\040\000a\000n\000d\000\040\000w\000a\000i\000t\000p\000i\000d\000\050\000\051\000\040\000F\000u\000n\000c\000t\000i\000o\000n\000s\000.}{}% 13
\BOOKMARK [2][-]{subsection.5.1}{\376\377\000F\000u\000n\000c\000t\000i\000o\000n\000\040\000P\000r\000o\000t\000o\000t\000y\000p\000e\000s}{section.5}% 14
\BOOKMARK [2][-]{subsection.5.2}{\376\377\000W\000a\000i\000t\000\040\000F\000u\000n\000c\000t\000i\000o\000n\000\040\000R\000e\000t\000u\000r\000n\000\040\000V\000a\000l\000u\000e\000s}{section.5}% 15
\BOOKMARK [2][-]{subsection.5.3}{\376\377\000U\000s\000e\000f\000u\000l\000\040\000M\000a\000c\000r\000o\000s}{section.5}% 16
\BOOKMARK [2][-]{subsection.5.4}{\376\377\000A\000b\000o\000u\000t\000\040\000w\000a\000i\000t\000\050\000\051\000\040\000a\000n\000d\000\040\000w\000a\000i\000t\000p\000i\000d\000\050\000\051}{section.5}% 17
\BOOKMARK [2][-]{subsection.5.5}{\376\377\000O\000t\000h\000e\000r\000\040\000W\000a\000i\000t\000\040\000F\000u\000n\000c\000t\000i\000o\000n\000s}{section.5}% 18
\BOOKMARK [1][-]{section.6}{\376\377\000R\000a\000c\000e\000\040\000C\000o\000n\000d\000i\000t\000i\000o\000n\000s}{}% 19
\BOOKMARK [2][-]{subsection.6.1}{\376\377\000B\000a\000s\000i\000c\000s}{section.6}% 20
\BOOKMARK [1][-]{section.7}{\376\377\000e\000x\000e\000c\000\050\000\051\000\040\000F\000u\000n\000c\000t\000i\000o\000n\000s}{}% 21
\BOOKMARK [2][-]{subsection.7.1}{\376\377\000F\000u\000n\000c\000t\000i\000o\000n\000\040\000P\000r\000o\000t\000o\000t\000y\000p\000e\000s}{section.7}% 22
\BOOKMARK [2][-]{subsection.7.2}{\376\377\000A\000b\000o\000u\000t\000\040\000E\000x\000e\000c\000\040\000F\000u\000n\000c\000t\000i\000o\000n\000s}{section.7}% 23
\BOOKMARK [2][-]{subsection.7.3}{\376\377\000I\000n\000h\000e\000r\000i\000t\000e\000d\000\040\000P\000r\000o\000p\000e\000r\000t\000i\000e\000s\000\040\000A\000c\000c\000r\000o\000s\000s\000\040\000E\000x\000e\000c\000s}{section.7}% 24
\BOOKMARK [2][-]{subsection.7.4}{\376\377\000O\000t\000h\000e\000r\000\040\000C\000h\000a\000r\000a\000c\000t\000e\000r\000i\000s\000t\000i\000c\000s\000\040\000A\000c\000c\000r\000o\000s\000s\000\040\000E\000x\000e\000c\000s}{section.7}% 25
\BOOKMARK [1][-]{section.8}{\376\377\000C\000h\000a\000n\000g\000i\000n\000g\000\040\000U\000s\000e\000r\000\040\000I\000D\000S\000\040\000\050\000U\000I\000D\000s\000\051\000\040\000a\000n\000d\000\040\000G\000r\000o\000u\000p\000\040\000I\000D\000s\000\040\000\050\000G\000I\000D\000s\000\051}{}% 26
\BOOKMARK [2][-]{subsection.8.1}{\376\377\000F\000u\000n\000c\000t\000i\000o\000n\000\040\000P\000r\000o\000t\000o\000t\000y\000p\000e\000s}{section.8}% 27
\BOOKMARK [1][-]{section.9}{\376\377\000I\000n\000t\000e\000r\000p\000r\000e\000t\000e\000r\000\040\000F\000i\000l\000e\000s\000:\000\040\000N\000o\000t\000h\000i\000n\000g\000\040\000H\000e\000r\000e}{}% 28
\BOOKMARK [1][-]{section.10}{\376\377\000s\000y\000s\000t\000e\000m\000\050\000\051\000\040\000F\000u\000n\000c\000t\000i\000o\000n}{}% 29
\BOOKMARK [2][-]{subsection.10.1}{\376\377\000F\000u\000n\000c\000t\000i\000o\000n\000\040\000P\000r\000o\000t\000o\000t\000y\000p\000e}{section.10}% 30
\BOOKMARK [2][-]{subsection.10.2}{\376\377\000A\000b\000o\000u\000t\000\040\000s\000y\000s\000t\000e\000m\000\050\000\051}{section.10}% 31
\BOOKMARK [2][-]{subsection.10.3}{\376\377\000B\000a\000s\000i\000c\000\040\000E\000x\000a\000m\000p\000l\000e}{section.10}% 32
\BOOKMARK [2][-]{subsection.10.4}{\376\377\000R\000e\000c\000r\000e\000a\000t\000e\000\040\000A\000\040\000B\000a\000s\000i\000c\000\040\000s\000y\000s\000t\000e\000m\000\050\000\051\000\040\000f\000u\000n\000c\000t\000i\000o\000n}{section.10}% 33
\BOOKMARK [1][-]{section.11}{\376\377\000S\000e\000t\000-\000U\000s\000e\000r\000-\000I\000D\000\040\000P\000r\000o\000g\000r\000a\000m\000s}{}% 34
\BOOKMARK [2][-]{subsection.11.1}{\376\377\000R\000u\000n\000n\000i\000n\000g\000\040\000S\000e\000t\000-\000U\000s\000e\000r\000-\000I\000D\000\040\000P\000r\000o\000g\000r\000a\000m\000s\000\040\000A\000s\000\040\000S\000u\000p\000e\000r\000u\000s\000e\000r}{section.11}% 35
\BOOKMARK [2][-]{subsection.11.2}{\376\377\000S\000e\000c\000u\000r\000i\000t\000y\000\040\000H\000o\000l\000e\000\040\000E\000x\000a\000m\000p\000l\000e}{section.11}% 36
\BOOKMARK [1][-]{section.12}{\376\377\000P\000r\000o\000c\000e\000s\000s\000\040\000A\000c\000c\000o\000u\000n\000t\000i\000n\000g\000:\000\040\000N\000o\000t\000h\000i\000n\000g\000\040\000H\000e\000r\000e}{}% 37
\BOOKMARK [1][-]{section.13}{\376\377\000U\000s\000e\000r\000\040\000I\000d\000e\000n\000t\000i\000f\000i\000c\000a\000t\000i\000o\000n}{}% 38
\BOOKMARK [2][-]{subsection.13.1}{\376\377\000g\000e\000t\000l\000o\000g\000i\000n\000\050\000\051\000\040\000P\000r\000o\000t\000o\000t\000y\000p\000e}{section.13}% 39
\BOOKMARK [1][-]{section.14}{\376\377\000P\000r\000o\000c\000e\000s\000s\000\040\000T\000i\000m\000e\000s}{}% 40
\BOOKMARK [2][-]{subsection.14.1}{\376\377\000F\000u\000n\000c\000t\000i\000o\000n\000\040\000P\000r\000o\000t\000o\000t\000y\000p\000e}{section.14}% 41
\BOOKMARK [2][-]{subsection.14.2}{\376\377\000t\000m\000s\000\040\000S\000t\000r\000u\000c\000t}{section.14}% 42
\BOOKMARK [2][-]{subsection.14.3}{\376\377\000E\000x\000p\000l\000a\000n\000a\000t\000i\000o\000n}{section.14}% 43
\BOOKMARK [2][-]{subsection.14.4}{\376\377\000t\000i\000m\000e\000s\000\050\000\051\000\040\000F\000u\000n\000c\000t\000i\000o\000n\000\040\000A\000n\000d\000\040\000t\000m\000s\000\040\000S\000t\000r\000u\000c\000t\000\040\000E\000x\000a\000m\000p\000l\000e\000\040\000C\000o\000d\000e}{section.14}% 44
