\BOOKMARK [1][-]{section.1}{\376\377\000C\000h\000a\000p\000t\000e\000r\000\040\0001\0000\000\040\000S\000u\000m\000m\000a\000r\000y}{}% 1
\BOOKMARK [1][-]{section.2}{\376\377\000P\000r\000a\000c\000t\000i\000c\000a\000l\000\040\000K\000e\000y\000\040\000T\000a\000k\000e\000a\000w\000a\000y\000s\000\040\000\050\000I\000M\000O\000\051}{}% 2
\BOOKMARK [1][-]{section.3}{\376\377\0003\0008\000\040\000U\000n\000i\000x\000\040\000S\000i\000g\000n\000a\000l\000s}{}% 3
\BOOKMARK [1][-]{section.4}{\376\377\000J\000o\000b\000\040\000C\000o\000n\000t\000r\000o\000l\000\040\000S\000i\000g\000n\000a\000l\000s}{}% 4
\BOOKMARK [1][-]{section.5}{\376\377\000s\000i\000g\000a\000c\000t\000i\000o\000n\000\050\000\051\000\040\000F\000u\000n\000c\000t\000i\000o\000n}{}% 5
\BOOKMARK [2][-]{subsubsection.5.0.1}{\376\377\000F\000u\000n\000c\000t\000i\000o\000n\000\040\000P\000r\000o\000t\000o\000t\000y\000p\000e}{section.5}% 6
\BOOKMARK [3][-]{subsubsection.5.0.2}{\376\377\000s\000i\000g\000a\000c\000t\000i\000o\000n\000\040\000S\000t\000r\000u\000c\000t}{subsubsection.5.0.1}% 7
\BOOKMARK [3][-]{subsubsection.5.0.3}{\376\377\000s\000i\000g\000i\000n\000f\000o\000\137\000t\000\040\000S\000t\000r\000u\000c\000t}{subsubsection.5.0.1}% 8
\BOOKMARK [3][-]{subsubsection.5.0.4}{\376\377\000S\000i\000g\000n\000a\000l\000\040\000A\000c\000t\000i\000o\000n\000\040\000O\000p\000t\000i\000o\000n\000s\000\040\000F\000o\000r\000\040\000T\000h\000e\000\040\000s\000i\000g\000a\000c\000t\000i\000o\000n\000\040\000S\000t\000r\000u\000c\000t}{subsubsection.5.0.1}% 9
\BOOKMARK [3][-]{subsubsection.5.0.5}{\376\377\000s\000i\000\137\000c\000o\000d\000e\000\040\000V\000a\000l\000u\000e\000s\000\040\000V\000a\000l\000u\000e\000s\000\040\000F\000o\000r\000\040\000T\000h\000e\000\040\000s\000i\000g\000i\000n\000f\000o\000\137\000t\000\040\000S\000t\000r\000u\000c\000t}{subsubsection.5.0.1}% 10
\BOOKMARK [2][-]{subsection.5.1}{\376\377\000A\000b\000o\000u\000t\000\040\000s\000i\000g\000a\000c\000t\000i\000o\000n\000\050\000\051}{section.5}% 11
\BOOKMARK [2][-]{subsection.5.2}{\376\377\000R\000e\000c\000r\000e\000a\000t\000e\000\040\000s\000i\000g\000n\000a\000l\000\050\000\051\000\040\000w\000i\000t\000h\000\040\000s\000i\000g\000a\000c\000t\000i\000o\000n\000\050\000\051}{section.5}% 12
\BOOKMARK [1][-]{section.6}{\376\377\000s\000i\000g\000s\000e\000t\000j\000m\000p\000\050\000\051\000\040\000a\000n\000d\000\040\000s\000i\000g\000l\000o\000n\000g\000j\000m\000p\000\050\000\051\000\040\000F\000u\000n\000c\000t\000i\000o\000n\000s}{}% 13
\BOOKMARK [2][-]{subsection.6.1}{\376\377\000F\000u\000n\000c\000t\000i\000o\000n\000\040\000P\000r\000o\000t\000o\000t\000y\000p\000e\000s}{section.6}% 14
\BOOKMARK [2][-]{subsection.6.2}{\376\377\000O\000v\000e\000r\000v\000i\000e\000w}{section.6}% 15
\BOOKMARK [1][-]{section.7}{\376\377\000s\000i\000g\000s\000u\000s\000p\000e\000n\000d\000\050\000\051\000\040\000F\000u\000n\000c\000t\000i\000o\000n}{}% 16
\BOOKMARK [2][-]{subsection.7.1}{\376\377\000F\000u\000n\000c\000t\000i\000o\000n\000\040\000P\000r\000o\000t\000o\000t\000y\000p\000e}{section.7}% 17
\BOOKMARK [2][-]{subsection.7.2}{\376\377\000O\000v\000e\000r\000v\000i\000e\000w}{section.7}% 18
\BOOKMARK [2][-]{subsection.7.3}{\376\377\000E\000x\000a\000m\000p\000l\000e\000s}{section.7}% 19
\BOOKMARK [3][-]{subsubsection.7.3.1}{\376\377\000P\000r\000o\000t\000e\000c\000t\000\040\000A\000\040\000C\000r\000i\000t\000i\000c\000a\000l\000\040\000R\000e\000g\000i\000o\000n\000\040\000o\000f\000\040\000C\000o\000d\000e\000\040\000F\000r\000o\000m\000\040\000A\000\040\000S\000i\000g\000n\000a\000l}{subsection.7.3}% 20
\BOOKMARK [3][-]{subsubsection.7.3.2}{\376\377\000U\000s\000i\000n\000g\000\040\000S\000i\000g\000n\000a\000l\000s\000\040\000T\000o\000\040\000S\000y\000n\000c\000\040\000P\000a\000r\000e\000n\000t\000\040\000a\000n\000d\000\040\000C\000h\000i\000l\000d\000\040\000P\000r\000o\000c\000e\000s\000s\000e\000s}{subsection.7.3}% 21
\BOOKMARK [1][-]{section.8}{\376\377\000a\000b\000o\000r\000t\000\050\000\051\000\040\000F\000u\000n\000c\000t\000i\000o\000n}{}% 22
\BOOKMARK [2][-]{subsection.8.1}{\376\377\000F\000u\000n\000c\000t\000i\000o\000n\000\040\000P\000r\000o\000t\000o\000t\000y\000p\000e}{section.8}% 23
\BOOKMARK [2][-]{subsection.8.2}{\376\377\000O\000v\000e\000r\000v\000i\000e\000w}{section.8}% 24
\BOOKMARK [1][-]{section.9}{\376\377\000s\000y\000s\000t\000e\000m\000\050\000\051\000\040\000F\000u\000n\000c\000t\000i\000o\000n\000\040\000R\000e\000v\000i\000s\000i\000t\000e\000d}{}% 25
\BOOKMARK [2][-]{subsection.9.1}{\376\377\000N\000o\000t\000h\000i\000n\000g\000\040\000H\000e\000r\000e}{section.9}% 26
\BOOKMARK [1][-]{section.10}{\376\377\000s\000l\000e\000e\000p\000\050\000\051\000\040\000F\000u\000n\000c\000t\000i\000o\000n}{}% 27
\BOOKMARK [2][-]{subsection.10.1}{\376\377\000F\000u\000n\000c\000t\000i\000o\000n\000\040\000P\000r\000o\000t\000o\000t\000y\000p\000e}{section.10}% 28
\BOOKMARK [1][-]{section.11}{\376\377\000A\000d\000d\000i\000t\000i\000o\000n\000a\000l\000\040\000F\000e\000a\000t\000u\000r\000e\000s}{}% 29
\BOOKMARK [2][-]{subsection.11.1}{\376\377\000S\000i\000g\000n\000a\000l\000\040\000N\000a\000m\000e\000s}{section.11}% 30
\BOOKMARK [3][-]{subsubsection.11.1.1}{\376\377\000F\000u\000n\000c\000t\000i\000o\000n\000\040\000P\000r\000o\000t\000o\000t\000y\000p\000e\000s}{subsection.11.1}% 31
\BOOKMARK [2][-]{subsection.11.2}{\376\377\000S\000i\000g\000n\000a\000l\000\040\000M\000a\000p\000p\000i\000n\000g\000s}{section.11}% 32
\BOOKMARK [3][-]{subsubsection.11.2.1}{\376\377\000F\000u\000n\000c\000t\000i\000o\000n\000\040\000P\000r\000o\000t\000o\000t\000y\000p\000e\000s}{subsection.11.2}% 33
\BOOKMARK [1][-]{section.12}{\376\377\000B\000o\000o\000k\000\040\000E\000x\000e\000r\000c\000i\000s\000e\000s}{}% 34
\BOOKMARK [2][-]{subsection.12.1}{\376\377\000Q\000u\000e\000s\000t\000i\000o\000n\000s}{section.12}% 35
\BOOKMARK [3][-]{subsubsection.12.1.1}{\376\377\000Q\0004}{subsection.12.1}% 36
\BOOKMARK [3][-]{subsubsection.12.1.2}{\376\377\000Q\0006}{subsection.12.1}% 37
\BOOKMARK [2][-]{subsection.12.2}{\376\377\000S\000o\000l\000u\000t\000i\000o\000n\000s}{section.12}% 38
\BOOKMARK [3][-]{subsubsection.12.2.1}{\376\377\000A\0001}{subsection.12.2}% 39
\BOOKMARK [3][-]{subsubsection.12.2.2}{\376\377\000A\0004}{subsection.12.2}% 40
\BOOKMARK [3][-]{subsubsection.12.2.3}{\376\377\000A\0006}{subsection.12.2}% 41
\BOOKMARK [3][-]{subsubsection.12.2.4}{\376\377\000A\0001\0002}{subsection.12.2}% 42
\BOOKMARK [1][-]{section.13}{\376\377\000P\000e\000r\000s\000o\000n\000a\000l\000\040\000E\000x\000e\000r\000c\000i\000s\000e\000s}{}% 43
\BOOKMARK [2][-]{subsection.13.1}{\376\377\000P\000r\000o\000b\000l\000e\000m\000s}{section.13}% 44
\BOOKMARK [3][-]{subsubsection.13.1.1}{\376\377\000Q\0001}{subsection.13.1}% 45
\BOOKMARK [3][-]{subsubsection.13.1.2}{\376\377\000Q\0002}{subsection.13.1}% 46
\BOOKMARK [3][-]{subsubsection.13.1.3}{\376\377\000Q\0003}{subsection.13.1}% 47
\BOOKMARK [2][-]{subsection.13.2}{\376\377\000S\000o\000l\000u\000t\000i\000o\000n\000s}{section.13}% 48
\BOOKMARK [3][-]{subsubsection.13.2.1}{\376\377\000A\0001}{subsection.13.2}% 49
\BOOKMARK [3][-]{subsubsection.13.2.2}{\376\377\000Q\0002}{subsection.13.2}% 50
\BOOKMARK [3][-]{subsubsection.13.2.3}{\376\377\000A\0003}{subsection.13.2}% 51
