\BOOKMARK [1][-]{section.1}{\376\377\000P\000r\000o\000c\000e\000s\000s\000\040\000R\000e\000l\000a\000t\000i\000o\000n\000s\000i\000h\000p\000s\000\040\000S\000u\000m\000m\000a\000r\000y}{}% 1
\BOOKMARK [1][-]{section.2}{\376\377\000T\000e\000r\000m\000i\000n\000a\000l\000\040\000L\000o\000g\000i\000n\000s}{}% 2
\BOOKMARK [2][-]{subsection.2.1}{\376\377\000B\000S\000D\000\040\000T\000e\000r\000m\000i\000n\000a\000l\000\040\000L\000o\000g\000i\000n\000s}{section.2}% 3
\BOOKMARK [2][-]{subsection.2.2}{\376\377\000M\000a\000c\000\040\000O\000S\000\040\000X\000\040\000T\000e\000r\000m\000i\000n\000a\000l\000\040\000L\000o\000g\000i\000n\000s}{section.2}% 4
\BOOKMARK [2][-]{subsection.2.3}{\376\377\000L\000i\000n\000u\000x\000\040\000T\000e\000r\000m\000i\000n\000a\000l\000\040\000L\000o\000g\000i\000n\000s}{section.2}% 5
\BOOKMARK [2][-]{subsection.2.4}{\376\377\000S\000o\000l\000a\000r\000i\000s\000\040\000T\000e\000r\000m\000i\000n\000a\000l\000\040\000L\000o\000g\000i\000n\000s}{section.2}% 6
\BOOKMARK [1][-]{section.3}{\376\377\000P\000r\000o\000c\000e\000s\000s\000\040\000G\000r\000o\000u\000p\000s}{}% 7
\BOOKMARK [2][-]{subsection.3.1}{\376\377\000F\000u\000n\000c\000t\000i\000o\000n\000\040\000P\000r\000o\000t\000o\000t\000y\000p\000e\000s}{section.3}% 8
\BOOKMARK [2][-]{subsection.3.2}{\376\377\000A\000b\000o\000u\000t\000\040\000P\000r\000o\000c\000e\000s\000s\000\040\000G\000r\000o\000u\000p}{section.3}% 9
\BOOKMARK [1][-]{section.4}{\376\377\000S\000e\000s\000s\000i\000o\000n\000s}{}% 10
\BOOKMARK [2][-]{subsection.4.1}{\376\377\000F\000u\000n\000c\000t\000i\000o\000n\000\040\000P\000r\000o\000t\000o\000t\000y\000p\000e\000s}{section.4}% 11
\BOOKMARK [1][-]{section.5}{\376\377\000C\000o\000n\000t\000r\000o\000l\000l\000i\000n\000g\000\040\000T\000e\000r\000m\000i\000n\000a\000l}{}% 12
\BOOKMARK [1][-]{section.6}{\376\377\000F\000o\000r\000e\000g\000r\000o\000u\000n\000d\000\040\000P\000r\000o\000c\000e\000s\000s\000\040\000G\000r\000o\000u\000p\000\040\000F\000u\000n\000c\000t\000i\000o\000n\000s}{}% 13
\BOOKMARK [1][-]{section.7}{\376\377\000J\000o\000b\000\040\000C\000o\000n\000t\000r\000o\000l}{}% 14
\BOOKMARK [2][-]{subsection.7.1}{\376\377\000J\000o\000b\000\040\000C\000o\000n\000t\000r\000o\000l\000\040\000E\000x\000a\000m\000p\000l\000e\000s}{section.7}% 15
\BOOKMARK [1][-]{section.8}{\376\377\000S\000h\000e\000l\000l\000\040\000E\000x\000c\000e\000c\000u\000t\000i\000o\000n\000\040\000O\000f\000\040\000P\000r\000o\000g\000r\000a\000m\000s}{}% 16
\BOOKMARK [2][-]{subsection.8.1}{\376\377\000E\000x\000a\000m\000p\000l\000e\000\040\000w\000i\000t\000h\000\040\000t\000h\000e\000\040\000B\000o\000u\000r\000n\000e\000\040\000S\000h\000e\000l\000l}{section.8}% 17
\BOOKMARK [2][-]{subsection.8.2}{\376\377\000F\000o\000r\000e\000g\000r\000o\000u\000n\000d\000\040\000E\000x\000a\000m\000p\000l\000e\000\040\000W\000i\000t\000h\000\040\000T\000h\000e\000\040\000B\000o\000u\000r\000n\000e\000\040\000A\000g\000a\000i\000n\000\040\000S\000h\000e\000l\000l\000\040\000\050\000B\000A\000S\000H\000\051}{section.8}% 18
\BOOKMARK [2][-]{subsection.8.3}{\376\377\000B\000a\000c\000k\000g\000r\000o\000u\000n\000d\000\040\000E\000x\000a\000m\000p\000l\000e\000\040\000W\000i\000t\000h\000\040\000T\000h\000e\000\040\000B\000o\000u\000r\000n\000e\000\040\000A\000g\000a\000i\000n\000\040\000S\000h\000e\000l\000l\000\040\000\050\000B\000A\000S\000H\000\051}{section.8}% 19
\BOOKMARK [1][-]{section.9}{\376\377\000O\000r\000p\000h\000a\000n\000e\000d\000\040\000P\000r\000o\000c\000e\000s\000s\000\040\000G\000r\000o\000u\000p\000s}{}% 20
\BOOKMARK [1][-]{section.10}{\376\377\000E\000x\000a\000m\000p\000l\000e\000\040\000C\000o\000d\000e}{}% 21
\BOOKMARK [1][-]{section.11}{\376\377\000F\000r\000e\000e\000B\000S\000D\000\040\000I\000m\000p\000l\000e\000m\000e\000n\000t\000a\000t\000i\000o\000n}{}% 22
\BOOKMARK [2][-]{subsection.11.1}{\376\377\000N\000o\000t\000h\000i\000n\000g\000\040\000H\000e\000r\000e}{section.11}% 23
\BOOKMARK [1][-]{section.12}{\376\377\000E\000x\000e\000r\000c\000i\000s\000e\000s}{}% 24
\BOOKMARK [2][-]{subsection.12.1}{\376\377\000E\000x\000e\000r\000c\000i\000s\000e\000\040\0001}{section.12}% 25
\BOOKMARK [2][-]{subsection.12.2}{\376\377\000E\000x\000e\000r\000c\000i\000s\000e\000\040\0002}{section.12}% 26
